<?xml version="1.0" encoding="UTF-8"?>
<!-- Generated by org.testng.reporters.JUnitXMLReporter -->
<testsuite hostname="SZPC1854" name="Default test" tests="17" failures="0" timestamp="24 Jun 2014 06:13:39 GMT" time="0.06" errors="0">
  <testcase name="getShuList" time="0.0" classname="com.morningstar.Fund.TestRunner.TestNGSample"/>
  <testcase name="getShuList" time="0.0" classname="com.morningstar.Fund.TestRunner.TestNGSample"/>
  <testcase name="getShuList" time="0.0" classname="com.morningstar.Fund.TestRunner.TestNGSample"/>
  <testcase name="getShuList" time="0.0" classname="com.morningstar.Fund.TestRunner.TestNGSample"/>
  <testcase name="getShuXiang" time="0.0" classname="com.morningstar.Fund.TestRunner.TestNGSample"/>
  <testcase name="getShuXiang" time="0.0" classname="com.morningstar.Fund.TestRunner.TestNGSample"/>
  <testcase name="getShuXiang" time="0.0" classname="com.morningstar.Fund.TestRunner.TestNGSample"/>
  <testcase name="getShuXiang" time="0.0" classname="com.morningstar.Fund.TestRunner.TestNGSample"/>
  <testcase name="getShuXiang" time="0.0" classname="com.morningstar.Fund.TestRunner.TestNGSample"/>
  <testcase name="getShuXiang" time="0.0" classname="com.morningstar.Fund.TestRunner.TestNGSample"/>
  <testcase name="getShuXiang" time="0.0" classname="com.morningstar.Fund.TestRunner.TestNGSample"/>
  <testcase name="getShuXiang" time="0.0" classname="com.morningstar.Fund.TestRunner.TestNGSample"/>
  <testcase name="getShuXiang" time="0.0" classname="com.morningstar.Fund.TestRunner.TestNGSample"/>
  <testcase name="getShuXiang" time="0.0" classname="com.morningstar.Fund.TestRunner.TestNGSample"/>
  <testcase name="getShuXiang" time="0.0" classname="com.morningstar.Fund.TestRunner.TestNGSample"/>
  <testcase name="getShuXiang" time="0.0" classname="com.morningstar.Fund.TestRunner.TestNGSample"/>
  <testcase name="getShuXiang" time="0.0" classname="com.morningstar.Fund.TestRunner.TestNGSample"/>
</testsuite> <!-- Default test -->
